 ---------------------------------------------------------------------------------------------------------------------------------- 
|                                             Memory report for: 01/10/2010 12:28:49                                               |
 ---------------------------------------------------------------------------------------------------------------------------------- 


 ---------------------------------------------------------------------------------------------------------------------------------- 
|                                                           T O T A L S                                                            |
 ---------------------------------------------------------------------------------------------------------------------------------- 
              Allocation unit count:          1
            Reported to application:        255 bytes     
         Actual total memory in use:        287 bytes     
           Memory tracking overhead:         32 bytes     

 ---------------------------------------------------------------------------------------------------------------------------------- 
|                                                            P E A K S                                                             |
 ---------------------------------------------------------------------------------------------------------------------------------- 
              Allocation unit count:          7
            Reported to application:    614,743 ( 600.33K)
                             Actual:    614,967 ( 600.55K)
           Memory tracking overhead:        224 bytes     

 ---------------------------------------------------------------------------------------------------------------------------------- 
|                                                      A C C U M U L A T E D                                                       |
 ---------------------------------------------------------------------------------------------------------------------------------- 
              Allocation unit count:         15 bytes     
            Reported to application:  1,844,014 (   1.76M)
                             Actual:  1,844,494 (   1.76M)

 ---------------------------------------------------------------------------------------------------------------------------------- 
|                                                           U N U S E D                                                            |
 ---------------------------------------------------------------------------------------------------------------------------------- 
    Memory allocated but not in use:        252 bytes     

Alloc.   Addr       Size       Addr       Size                        BreakOn BreakOn              
Number Reported   Reported    Actual     Actual     Unused    Method  Dealloc Realloc Allocated by 
------ ---------- ---------- ---------- ---------- ---------- -------- ------- ------- --------------------------------------------------- 
000015 0x002E1E68 0x000000FF 0x002E1E58 0x0000011F 0x000000FC malloc      N       N    main.cpp(00953)::main
